2023-10-05 23:41:36,568 - INFO - User HandyCurrencyBot sent message: 'Выберите валюту:'
2023-10-05 23:41:42,770 - INFO - User HandyCurrencyBot sent message: 'Выберите валюту:'
2023-10-05 23:42:55,631 - INFO - User HandyCurrencyBot sent message: 'Выберите валюту:'
2023-10-05 23:42:58,549 - INFO - User HandyCurrencyBot sent message: 'Для получения курса выберите валюту или нажмите кнопку 'Выбрать валюту':'
2023-10-05 23:43:01,953 - INFO - User HandyCurrencyBot sent message: 'Выберите валюту:'
2023-10-05 23:43:24,824 - INFO - User HandyCurrencyBot sent message: 'Выберите валюту:'
2023-10-05 23:43:45,699 - INFO - User HandyCurrencyBot sent message: 'Для получения курса выберите валюту или нажмите кнопку 'Выбрать валюту':'
2023-10-05 23:43:55,347 - INFO - User HandyCurrencyBot sent message: 'Выберите валюту:'
2023-10-05 23:46:15,787 - INFO - User HandyCurrencyBot sent message: 'Для получения курса выберите валюту или нажмите кнопку 'Выбрать валюту':'
2023-10-05 23:46:24,254 - INFO - User HandyCurrencyBot sent message: 'Выбрана валюта: JPY'
2023-10-05 23:46:43,340 - INFO - User HandyCurrencyBot sent message: 'Выбрана валюта: AZN'
2023-10-05 23:49:18,575 - INFO - User HandyCurrencyBot sent message: 'Для получения курса выберите валюту или нажмите кнопку 'Выбрать валюту':'
2023-10-05 23:49:24,988 - INFO - User HandyCurrencyBot sent message: 'Выбрана валюта: Евро (EUR)'
2023-10-05 23:49:42,446 - INFO - User HandyCurrencyBot sent message: 'Выбрана валюта: Вон Республики Корея (KRW)'
2023-10-05 23:53:13,597 - INFO - User HandyCurrencyBot sent message: 'Для получения курса выберите валюту или нажмите кнопку 'Выбрать валюту':'
2023-10-05 23:53:21,720 - INFO - User HandyCurrencyBot sent message: 'Выбрана валюта: Таджикский сомони'
2023-10-05 23:54:16,138 - INFO - User HandyCurrencyBot sent message: 'Для получения курса выберите валюту или нажмите кнопку 'Выбрать валюту':'
2023-10-05 23:54:23,350 - INFO - User HandyCurrencyBot sent message: 'Выбрана валюта: JPY'
2023-10-05 23:54:26,834 - INFO - User HandyCurrencyBot sent message: 'Выбрана валюта: KRW'
2023-10-05 23:54:36,746 - INFO - User HandyCurrencyBot sent message: 'Выбрана валюта: CHF'
2023-10-05 23:58:32,311 - INFO - User HandyCurrencyBot sent message: 'Для получения курса выберите валюту или нажмите кнопку 'Выбрать валюту':'
2023-10-05 23:58:34,953 - INFO - User HandyCurrencyBot sent message: 'Для получения курса выберите валюту или нажмите кнопку 'Выбрать валюту':'
2023-10-05 23:58:43,269 - INFO - User HandyCurrencyBot sent message: 'Выбрана валюта: Японская иена (JPY)'
2023-10-05 23:58:46,379 - INFO - User HandyCurrencyBot sent message: 'Выбрана валюта: Вон Республики Корея (KRW)'
2023-10-06 00:01:04,883 - INFO - User HandyCurrencyBot sent message: 'Для получения курса выберите валюту или нажмите кнопку 'Выбрать валюту':'
2023-10-06 00:01:07,507 - INFO - User HandyCurrencyBot sent message: 'Для получения курса выберите валюту или нажмите кнопку 'Выбрать валюту':'
2023-10-06 00:01:14,527 - INFO - User HandyCurrencyBot sent message: 'Выбрана валюта: Японская иена (JPY)'
2023-10-06 00:01:17,710 - INFO - User HandyCurrencyBot sent message: 'Выбрана валюта: Вон Республики Корея (KRW)'
2023-10-06 00:01:20,663 - INFO - User HandyCurrencyBot sent message: 'Выбрана валюта: Швейцарский франк (CHF)'
2023-10-06 00:03:33,390 - INFO - User 1814676 sent message: 'Для получения курса выберите валюту или нажмите кнопку 'Выбрать валюту':'
2023-10-06 00:03:35,929 - INFO - User 1814676 sent message: 'Для получения курса выберите валюту или нажмите кнопку 'Выбрать валюту':'
2023-10-06 00:03:42,323 - INFO - User 1814676 sent message: 'Выбрана валюта: Доллар США (USD)'
2023-10-06 00:03:45,620 - INFO - User 1814676 sent message: 'Выбрана валюта: Евро (EUR)'
2023-10-06 00:07:59,998 - INFO - User HandyCurrencyBot sent message: 'Для получения курса выберите валюту или нажмите кнопку 'Выбрать валюту':'
2023-10-06 00:08:03,327 - INFO - User HandyCurrencyBot sent message: 'Для получения курса выберите валюту или нажмите кнопку 'Выбрать валюту':'
2023-10-06 00:08:05,788 - INFO - User HandyCurrencyBot sent message: 'Для получения курса выберите валюту или нажмите кнопку 'Выбрать валюту':'
2023-10-06 00:08:14,067 - INFO - User HandyCurrencyBot sent message: 'Выбрана валюта: Доллар США (USD)'
2023-10-06 00:08:15,689 - INFO - User HandyCurrencyBot sent message: 'Выбрана валюта: Евро (EUR)'
2023-10-06 00:11:37,274 - INFO - User HandyCurrencyBot sent message: 'Для получения курса выберите валюту или нажмите кнопку 'Выбрать валюту':'
2023-10-06 00:11:39,773 - INFO - User HandyCurrencyBot sent message: 'Для получения курса выберите валюту или нажмите кнопку 'Выбрать валюту':'
2023-10-06 00:11:42,532 - INFO - User HandyCurrencyBot sent message: 'Для получения курса выберите валюту или нажмите кнопку 'Выбрать валюту':'
2023-10-06 00:11:48,598 - INFO - User HandyCurrencyBot sent message: 'Выбрана валюта: Доллар США (USD)'
2023-10-06 00:13:43,063 - INFO - User HandyCurrencyBot sent message: 'Выбрана валюта: Шведская крона (SEK) от LevonOsipov'
2023-10-06 00:15:46,353 - INFO - User LevonOsipov sent message: 'Выбрана валюта: Фунт стерлингов (GBP)'
2023-10-06 00:16:08,377 - INFO - User UnknownUser sent message: 'Для получения курса выберите валюту или нажмите кнопку 'Выбрать валюту':'
2023-10-06 00:16:13,948 - INFO - User LevonOsipov sent message: 'Выбрана валюта: Японская иена (JPY)'
2023-10-06 00:18:14,853 - INFO - User LevonOsipov sent message: 'Выбрана валюта: Австралийский доллар (AUD)'
2023-10-06 00:18:17,204 - INFO - User UnknownUser sent message: 'Для получения курса выберите валюту или нажмите кнопку 'Выбрать валюту''
2023-10-06 00:23:48,213 - INFO - User HandyCurrencyBot sent message: 'Для получения курса выберите валюту или нажмите кнопку 'Выбрать валюту':'
2023-10-06 00:23:51,026 - INFO - User HandyCurrencyBot sent message: 'Для получения курса выберите валюту или нажмите кнопку 'Выбрать валюту':'
2023-10-06 00:26:41,183 - INFO - User LevonOsipov sent message: 'Выбрана валюта: Фунт стерлингов (GBP)'
2023-10-06 00:26:42,678 - INFO - User HandyCurrencyBot sent message: 'Для получения курса выберите валюту или нажмите кнопку 'Выбрать валюту':'
2023-10-06 00:26:46,636 - INFO - User LevonOsipov sent message: 'Выбрана валюта: Казахстанский тенге (KZT)'
2023-10-06 00:26:48,208 - INFO - User HandyCurrencyBot sent message: 'Для получения курса выберите валюту или нажмите кнопку 'Выбрать валюту':'
2023-10-06 00:31:46,469 - INFO - User LevonOsipov sent message: 'Для получения курса выберите валюту или нажмите кнопку 'Выбрать валюту':'
2023-10-06 00:31:51,626 - INFO - User LevonOsipov sent message: 'Выбрана валюта: Казахстанский тенге (KZT)'
2023-10-06 00:31:54,612 - INFO - User LevonOsipov sent message: 'Выбрана валюта: Китайский юань (CNY)'
2023-10-06 00:31:57,455 - INFO - User LevonOsipov sent message: 'Выбрана валюта: Швейцарский франк (CHF)'
2023-10-06 00:31:58,923 - INFO - User LevonOsipov sent message: 'Для получения курса выберите валюту или нажмите кнопку 'Выбрать валюту':'
2023-10-06 00:33:28,430 - INFO - User EssiHardy sent message: 'Выбрана валюта: Вон Республики Корея (KRW)'
2023-10-06 00:33:29,861 - INFO - User EssiHardy sent message: 'Для получения курса выберите валюту или нажмите кнопку 'Выбрать валюту':'
2023-10-06 00:33:34,315 - INFO - User EssiHardy sent message: 'Выбрана валюта: Узбекский сум (UZS)'
2023-10-06 00:33:39,601 - INFO - User EssiHardy sent message: 'Выбрана валюта: Шведская крона (SEK)'
2023-10-06 00:33:41,283 - INFO - User EssiHardy sent message: 'Для получения курса выберите валюту или нажмите кнопку 'Выбрать валюту':'
2023-10-06 00:33:46,253 - INFO - User EssiHardy sent message: 'Выбрана валюта: Индийская рупия (INR)'
2023-10-06 00:33:54,329 - INFO - User LevonOsipov sent message: 'Выбрана валюта: Австралийский доллар (AUD)'
2023-10-06 00:33:55,734 - INFO - User LevonOsipov sent message: 'Для получения курса выберите валюту или нажмите кнопку 'Выбрать валюту':'
2023-10-06 00:33:59,812 - INFO - User LevonOsipov sent message: 'Выбрана валюта: Украинская гривна (UAH)'
2023-10-06 00:34:40,191 - INFO - User LevonOsipov sent message: 'Выбрана валюта: Белорусский рубль (BYN)'
2023-10-06 00:34:41,477 - INFO - User LevonOsipov sent message: 'Для получения курса выберите валюту или нажмите кнопку 'Выбрать валюту':'
2023-10-06 00:34:49,446 - INFO - User LevonOsipov sent message: 'Выбрана валюта: Японская иена (JPY)'
